\BOOKMARK [0][-]{chapter.5}{\376\377\000I\000n\000t\000r\000o\000d\000u\000c\000t\000i\000o\000n}{}% 1
\BOOKMARK [1][-]{section.5.1}{\376\377\000P\000r\000o\000j\000e\000c\000t\000\040\000C\000o\000n\000t\000e\000x\000t}{chapter.5}% 2
\BOOKMARK [1][-]{section.5.2}{\376\377\000P\000r\000o\000b\000l\000e\000m\000\040\000S\000t\000a\000t\000e\000m\000e\000n\000t}{chapter.5}% 3
\BOOKMARK [1][-]{section.5.3}{\376\377\000A\000i\000m\000\040\000a\000n\000d\000\040\000O\000b\000j\000e\000c\000t\000i\000v\000e\000s}{chapter.5}% 4
\BOOKMARK [1][-]{section.5.4}{\376\377\000S\000c\000o\000p\000e\000\040\000o\000f\000\040\000t\000h\000e\000\040\000P\000r\000o\000j\000e\000c\000t}{chapter.5}% 5
\BOOKMARK [1][-]{section.5.5}{\376\377\000C\000o\000n\000s\000t\000r\000a\000i\000n\000t\000s\000\040\000a\000n\000d\000\040\000A\000s\000s\000u\000m\000p\000t\000i\000o\000n\000s}{chapter.5}% 6
\BOOKMARK [1][-]{section.5.6}{\376\377\000S\000t\000r\000u\000c\000t\000u\000r\000e\000\040\000o\000f\000\040\000t\000h\000e\000\040\000R\000e\000p\000o\000r\000t}{chapter.5}% 7
\BOOKMARK [0][-]{chapter.6}{\376\377\000B\000a\000c\000k\000g\000r\000o\000u\000n\000d\000\040\000a\000n\000d\000\040\000P\000r\000o\000b\000l\000e\000m\000\040\000D\000e\000f\000i\000n\000i\000t\000i\000o\000n}{}% 8
\BOOKMARK [1][-]{section.6.1}{\376\377\000G\000r\000o\000w\000t\000h\000\040\000o\000f\000\040\000I\000o\000T\000\040\000a\000n\000d\000\040\000E\000x\000p\000a\000n\000d\000i\000n\000g\000\040\000A\000t\000t\000a\000c\000k\000\040\000S\000u\000r\000f\000a\000c\000e}{chapter.6}% 9
\BOOKMARK [1][-]{section.6.2}{\376\377\000I\000o\000T\000-\000S\000p\000e\000c\000i\000f\000i\000c\000\040\000S\000e\000c\000u\000r\000i\000t\000y\000\040\000T\000h\000r\000e\000a\000t\000s}{chapter.6}% 10
\BOOKMARK [1][-]{section.6.3}{\376\377\000L\000i\000m\000i\000t\000a\000t\000i\000o\000n\000s\000\040\000o\000f\000\040\000E\000x\000i\000s\000t\000i\000n\000g\000\040\000C\000o\000n\000s\000u\000m\000e\000r\000\040\000a\000n\000d\000\040\000S\000M\000B\000\040\000S\000o\000l\000u\000t\000i\000o\000n\000s}{chapter.6}% 11
\BOOKMARK [1][-]{section.6.4}{\376\377\000S\000e\000c\000u\000r\000i\000t\000y\000-\000D\000r\000i\000v\000e\000n\000\040\000A\000v\000a\000i\000l\000a\000b\000i\000l\000i\000t\000y\000\040\000a\000n\000d\000\040\000A\000n\000o\000m\000a\000l\000y\000\040\000D\000e\000t\000e\000c\000t\000i\000o\000n}{chapter.6}% 12
\BOOKMARK [1][-]{section.6.5}{\376\377\000E\000t\000h\000i\000c\000a\000l\000\040\000a\000n\000d\000\040\000L\000e\000g\000a\000l\000\040\000C\000o\000n\000s\000i\000d\000e\000r\000a\000t\000i\000o\000n\000s}{chapter.6}% 13
\BOOKMARK [1][-]{section.6.6}{\376\377\000S\000u\000m\000m\000a\000r\000y}{chapter.6}% 14
\BOOKMARK [0][-]{chapter.7}{\376\377\000L\000i\000t\000e\000r\000a\000t\000u\000r\000e\000\040\000R\000e\000v\000i\000e\000w\000\040\000a\000n\000d\000\040\000R\000e\000s\000e\000a\000r\000c\000h\000\040\000C\000o\000n\000t\000e\000x\000t}{}% 15
\BOOKMARK [1][-]{section.7.1}{\376\377\000I\000o\000T\000\040\000S\000e\000c\000u\000r\000i\000t\000y\000\040\000R\000e\000s\000e\000a\000r\000c\000h}{chapter.7}% 16
\BOOKMARK [1][-]{section.7.2}{\376\377\000I\000n\000t\000r\000u\000s\000i\000o\000n\000\040\000D\000e\000t\000e\000c\000t\000i\000o\000n\000\040\000a\000n\000d\000\040\000M\000o\000n\000i\000t\000o\000r\000i\000n\000g\000\040\000i\000n\000\040\000I\000o\000T\000\040\000E\000n\000v\000i\000r\000o\000n\000m\000e\000n\000t\000s}{chapter.7}% 17
\BOOKMARK [1][-]{section.7.3}{\376\377\000A\000v\000a\000i\000l\000a\000b\000i\000l\000i\000t\000y\000\040\000M\000o\000n\000i\000t\000o\000r\000i\000n\000g\000\040\000a\000n\000d\000\040\000H\000e\000a\000r\000t\000b\000e\000a\000t\000\040\000M\000e\000c\000h\000a\000n\000i\000s\000m\000s}{chapter.7}% 18
\BOOKMARK [1][-]{section.7.4}{\376\377\000A\000n\000o\000m\000a\000l\000y\000\040\000D\000e\000t\000e\000c\000t\000i\000o\000n\000\040\000A\000p\000p\000r\000o\000a\000c\000h\000e\000s}{chapter.7}% 19
\BOOKMARK [1][-]{section.7.5}{\376\377\000C\000o\000m\000m\000e\000r\000c\000i\000a\000l\000\040\000a\000n\000d\000\040\000A\000c\000a\000d\000e\000m\000i\000c\000\040\000S\000o\000l\000u\000t\000i\000o\000n\000s}{chapter.7}% 20
\BOOKMARK [1][-]{section.7.6}{\376\377\000I\000d\000e\000n\000t\000i\000f\000i\000e\000d\000\040\000R\000e\000s\000e\000a\000r\000c\000h\000\040\000G\000a\000p}{chapter.7}% 21
\BOOKMARK [1][-]{section.7.7}{\376\377\000S\000u\000m\000m\000a\000r\000y}{chapter.7}% 22
\BOOKMARK [0][-]{chapter.8}{\376\377\000R\000e\000q\000u\000i\000r\000e\000m\000e\000n\000t\000s\000\040\000A\000n\000a\000l\000y\000s\000i\000s\000\040\000a\000n\000d\000\040\000S\000y\000s\000t\000e\000m\000\040\000S\000p\000e\000c\000i\000f\000i\000c\000a\000t\000i\000o\000n}{}% 23
\BOOKMARK [1][-]{section.8.1}{\376\377\000I\000n\000t\000r\000o\000d\000u\000c\000t\000i\000o\000n}{chapter.8}% 24
\BOOKMARK [1][-]{section.8.2}{\376\377\000S\000t\000a\000k\000e\000h\000o\000l\000d\000e\000r\000s\000\040\000a\000n\000d\000\040\000U\000s\000e\000r\000\040\000R\000o\000l\000e\000s}{chapter.8}% 25
\BOOKMARK [1][-]{section.8.3}{\376\377\000F\000u\000n\000c\000t\000i\000o\000n\000a\000l\000\040\000R\000e\000q\000u\000i\000r\000e\000m\000e\000n\000t\000s}{chapter.8}% 26
\BOOKMARK [1][-]{section.8.4}{\376\377\000N\000o\000n\000-\000F\000u\000n\000c\000t\000i\000o\000n\000a\000l\000\040\000R\000e\000q\000u\000i\000r\000e\000m\000e\000n\000t\000s}{chapter.8}% 27
\BOOKMARK [1][-]{section.8.5}{\376\377\000S\000y\000s\000t\000e\000m\000\040\000C\000o\000n\000s\000t\000r\000a\000i\000n\000t\000s\000\040\000a\000n\000d\000\040\000A\000s\000s\000u\000m\000p\000t\000i\000o\000n\000s}{chapter.8}% 28
\BOOKMARK [1][-]{section.8.6}{\376\377\000R\000e\000q\000u\000i\000r\000e\000m\000e\000n\000t\000s\000\040\000T\000r\000a\000c\000e\000a\000b\000i\000l\000i\000t\000y}{chapter.8}% 29
\BOOKMARK [1][-]{section.8.7}{\376\377\000S\000u\000m\000m\000a\000r\000y}{chapter.8}% 30
\BOOKMARK [0][-]{chapter.9}{\376\377\000S\000y\000s\000t\000e\000m\000\040\000D\000e\000s\000i\000g\000n}{}% 31
\BOOKMARK [1][-]{section.9.1}{\376\377\000I\000n\000t\000r\000o\000d\000u\000c\000t\000i\000o\000n}{chapter.9}% 32
\BOOKMARK [1][-]{section.9.2}{\376\377\000O\000v\000e\000r\000a\000l\000l\000\040\000S\000y\000s\000t\000e\000m\000\040\000A\000r\000c\000h\000i\000t\000e\000c\000t\000u\000r\000e}{chapter.9}% 33
\BOOKMARK [1][-]{section.9.3}{\376\377\000F\000r\000o\000n\000t\000e\000n\000d\000\040\000D\000e\000s\000i\000g\000n}{chapter.9}% 34
\BOOKMARK [1][-]{section.9.4}{\376\377\000B\000a\000c\000k\000e\000n\000d\000\040\000D\000e\000s\000i\000g\000n}{chapter.9}% 35
\BOOKMARK [1][-]{section.9.5}{\376\377\000H\000e\000a\000r\000t\000b\000e\000a\000t\000\040\000M\000o\000n\000i\000t\000o\000r\000i\000n\000g\000\040\000M\000e\000c\000h\000a\000n\000i\000s\000m}{chapter.9}% 36
\BOOKMARK [1][-]{section.9.6}{\376\377\000A\000n\000o\000m\000a\000l\000y\000\040\000D\000e\000t\000e\000c\000t\000i\000o\000n\000\040\000L\000o\000g\000i\000c}{chapter.9}% 37
\BOOKMARK [1][-]{section.9.7}{\376\377\000A\000l\000e\000r\000t\000i\000n\000g\000\040\000a\000n\000d\000\040\000N\000o\000t\000i\000f\000i\000c\000a\000t\000i\000o\000n\000\040\000D\000e\000s\000i\000g\000n}{chapter.9}% 38
\BOOKMARK [1][-]{section.9.8}{\376\377\000D\000a\000t\000a\000\040\000S\000t\000o\000r\000a\000g\000e\000\040\000a\000n\000d\000\040\000M\000a\000n\000a\000g\000e\000m\000e\000n\000t}{chapter.9}% 39
\BOOKMARK [1][-]{section.9.9}{\376\377\000D\000e\000s\000i\000g\000n\000\040\000J\000u\000s\000t\000i\000f\000i\000c\000a\000t\000i\000o\000n\000\040\000a\000n\000d\000\040\000T\000r\000a\000d\000e\000-\000o\000f\000f\000s}{chapter.9}% 40
\BOOKMARK [1][-]{section.9.10}{\376\377\000S\000u\000m\000m\000a\000r\000y}{chapter.9}% 41
\BOOKMARK [0][-]{chapter.10}{\376\377\000I\000m\000p\000l\000e\000m\000e\000n\000t\000a\000t\000i\000o\000n}{}% 42
\BOOKMARK [1][-]{section.10.1}{\376\377\000I\000n\000t\000r\000o\000d\000u\000c\000t\000i\000o\000n}{chapter.10}% 43
\BOOKMARK [1][-]{section.10.2}{\376\377\000T\000e\000c\000h\000n\000o\000l\000o\000g\000y\000\040\000S\000t\000a\000c\000k\000\040\000a\000n\000d\000\040\000J\000u\000s\000t\000i\000f\000i\000c\000a\000t\000i\000o\000n}{chapter.10}% 44
\BOOKMARK [1][-]{section.10.3}{\376\377\000B\000a\000c\000k\000e\000n\000d\000\040\000A\000p\000p\000l\000i\000c\000a\000t\000i\000o\000n\000\040\000S\000t\000r\000u\000c\000t\000u\000r\000e}{chapter.10}% 45
\BOOKMARK [1][-]{section.10.4}{\376\377\000D\000a\000t\000a\000\040\000M\000o\000d\000e\000l\000l\000i\000n\000g\000\040\000a\000n\000d\000\040\000V\000a\000l\000i\000d\000a\000t\000i\000o\000n}{chapter.10}% 46
\BOOKMARK [1][-]{section.10.5}{\376\377\000D\000e\000v\000i\000c\000e\000\040\000R\000e\000g\000i\000s\000t\000r\000a\000t\000i\000o\000n\000\040\000a\000n\000d\000\040\000M\000a\000n\000a\000g\000e\000m\000e\000n\000t}{chapter.10}% 47
\BOOKMARK [1][-]{section.10.6}{\376\377\000H\000e\000a\000r\000t\000b\000e\000a\000t\000\040\000M\000o\000n\000i\000t\000o\000r\000i\000n\000g\000\040\000a\000n\000d\000\040\000A\000v\000a\000i\000l\000a\000b\000i\000l\000i\000t\000y\000\040\000D\000e\000t\000e\000c\000t\000i\000o\000n}{chapter.10}% 48
\BOOKMARK [1][-]{section.10.7}{\376\377\000A\000n\000o\000m\000a\000l\000y\000\040\000D\000e\000t\000e\000c\000t\000i\000o\000n\000\040\000L\000o\000g\000i\000c}{chapter.10}% 49
\BOOKMARK [1][-]{section.10.8}{\376\377\000A\000l\000e\000r\000t\000i\000n\000g\000\040\000a\000n\000d\000\040\000N\000o\000t\000i\000f\000i\000c\000a\000t\000i\000o\000n\000\040\000M\000e\000c\000h\000a\000n\000i\000s\000m\000s}{chapter.10}% 50
\BOOKMARK [1][-]{section.10.9}{\376\377\000S\000e\000c\000u\000r\000i\000t\000y\000\040\000C\000o\000n\000t\000r\000o\000l\000s\000\040\000a\000n\000d\000\040\000S\000a\000f\000e\000g\000u\000a\000r\000d\000s}{chapter.10}% 51
\BOOKMARK [1][-]{section.10.10}{\376\377\000D\000a\000t\000a\000b\000a\000s\000e\000\040\000M\000a\000n\000a\000g\000e\000m\000e\000n\000t\000\040\000a\000n\000d\000\040\000P\000e\000r\000f\000o\000r\000m\000a\000n\000c\000e\000\040\000C\000o\000n\000s\000i\000d\000e\000r\000a\000t\000i\000o\000n\000s}{chapter.10}% 52
\BOOKMARK [1][-]{section.10.11}{\376\377\000I\000m\000p\000l\000e\000m\000e\000n\000t\000a\000t\000i\000o\000n\000\040\000L\000i\000m\000i\000t\000a\000t\000i\000o\000n\000s}{chapter.10}% 53
\BOOKMARK [1][-]{section.10.12}{\376\377\000S\000u\000m\000m\000a\000r\000y}{chapter.10}% 54
\BOOKMARK [0][-]{chapter.11}{\376\377\000T\000e\000s\000t\000i\000n\000g\000\040\000a\000n\000d\000\040\000E\000v\000a\000l\000u\000a\000t\000i\000o\000n}{}% 55
\BOOKMARK [1][-]{section.11.1}{\376\377\000I\000n\000t\000r\000o\000d\000u\000c\000t\000i\000o\000n}{chapter.11}% 56
\BOOKMARK [1][-]{section.11.2}{\376\377\000T\000e\000s\000t\000i\000n\000g\000\040\000S\000t\000r\000a\000t\000e\000g\000y}{chapter.11}% 57
\BOOKMARK [1][-]{section.11.3}{\376\377\000F\000u\000n\000c\000t\000i\000o\000n\000a\000l\000\040\000T\000e\000s\000t\000i\000n\000g}{chapter.11}% 58
\BOOKMARK [1][-]{section.11.4}{\376\377\000A\000l\000e\000r\000t\000i\000n\000g\000\040\000a\000n\000d\000\040\000N\000o\000t\000i\000f\000i\000c\000a\000t\000i\000o\000n\000\040\000T\000e\000s\000t\000i\000n\000g}{chapter.11}% 59
\BOOKMARK [1][-]{section.11.5}{\376\377\000S\000e\000c\000u\000r\000i\000t\000y\000\040\000a\000n\000d\000\040\000A\000c\000c\000e\000s\000s\000\040\000C\000o\000n\000t\000r\000o\000l\000\040\000E\000v\000a\000l\000u\000a\000t\000i\000o\000n}{chapter.11}% 60
\BOOKMARK [1][-]{section.11.6}{\376\377\000P\000e\000r\000f\000o\000r\000m\000a\000n\000c\000e\000\040\000a\000n\000d\000\040\000R\000e\000l\000i\000a\000b\000i\000l\000i\000t\000y\000\040\000C\000o\000n\000s\000i\000d\000e\000r\000a\000t\000i\000o\000n\000s}{chapter.11}% 61
\BOOKMARK [1][-]{section.11.7}{\376\377\000L\000i\000m\000i\000t\000a\000t\000i\000o\000n\000s\000\040\000o\000f\000\040\000T\000e\000s\000t\000i\000n\000g}{chapter.11}% 62
\BOOKMARK [1][-]{section.11.8}{\376\377\000O\000v\000e\000r\000a\000l\000l\000\040\000E\000v\000a\000l\000u\000a\000t\000i\000o\000n\000\040\000o\000f\000\040\000P\000r\000o\000j\000e\000c\000t\000\040\000S\000u\000c\000c\000e\000s\000s}{chapter.11}% 63
\BOOKMARK [1][-]{section.11.9}{\376\377\000S\000u\000m\000m\000a\000r\000y}{chapter.11}% 64
\BOOKMARK [0][-]{chapter.12}{\376\377\000C\000r\000i\000t\000i\000c\000a\000l\000\040\000R\000e\000f\000l\000e\000c\000t\000i\000o\000n\000\040\000a\000n\000d\000\040\000D\000i\000s\000c\000u\000s\000s\000i\000o\000n}{}% 65
\BOOKMARK [1][-]{section.12.1}{\376\377\000I\000n\000t\000r\000o\000d\000u\000c\000t\000i\000o\000n}{chapter.12}% 66
\BOOKMARK [1][-]{section.12.2}{\376\377\000A\000c\000h\000i\000e\000v\000e\000m\000e\000n\000t\000\040\000o\000f\000\040\000P\000r\000o\000j\000e\000c\000t\000\040\000O\000b\000j\000e\000c\000t\000i\000v\000e\000s}{chapter.12}% 67
\BOOKMARK [1][-]{section.12.3}{\376\377\000D\000e\000s\000i\000g\000n\000\040\000a\000n\000d\000\040\000I\000m\000p\000l\000e\000m\000e\000n\000t\000a\000t\000i\000o\000n\000\040\000D\000e\000c\000i\000s\000i\000o\000n\000s}{chapter.12}% 68
\BOOKMARK [1][-]{section.12.4}{\376\377\000C\000h\000a\000l\000l\000e\000n\000g\000e\000s\000\040\000E\000n\000c\000o\000u\000n\000t\000e\000r\000e\000d}{chapter.12}% 69
\BOOKMARK [1][-]{section.12.5}{\376\377\000E\000v\000a\000l\000u\000a\000t\000i\000o\000n\000\040\000o\000f\000\040\000D\000e\000v\000e\000l\000o\000p\000m\000e\000n\000t\000\040\000P\000r\000o\000c\000e\000s\000s}{chapter.12}% 70
\BOOKMARK [1][-]{section.12.6}{\376\377\000P\000e\000r\000s\000o\000n\000a\000l\000\040\000R\000e\000f\000l\000e\000c\000t\000i\000o\000n\000\040\000a\000n\000d\000\040\000S\000k\000i\000l\000l\000s\000\040\000D\000e\000v\000e\000l\000o\000p\000m\000e\000n\000t}{chapter.12}% 71
\BOOKMARK [1][-]{section.12.7}{\376\377\000S\000u\000m\000m\000a\000r\000y}{chapter.12}% 72
\BOOKMARK [0][-]{chapter.13}{\376\377\000F\000u\000t\000u\000r\000e\000\040\000W\000o\000r\000k\000\040\000a\000n\000d\000\040\000E\000n\000h\000a\000n\000c\000e\000m\000e\000n\000t\000s}{}% 73
\BOOKMARK [1][-]{section.13.1}{\376\377\000I\000n\000t\000r\000o\000d\000u\000c\000t\000i\000o\000n}{chapter.13}% 74
\BOOKMARK [1][-]{section.13.2}{\376\377\000A\000d\000v\000a\000n\000c\000e\000d\000\040\000A\000n\000o\000m\000a\000l\000y\000\040\000D\000e\000t\000e\000c\000t\000i\000o\000n\000\040\000T\000e\000c\000h\000n\000i\000q\000u\000e\000s}{chapter.13}% 75
\BOOKMARK [1][-]{section.13.3}{\376\377\000I\000m\000p\000r\000o\000v\000e\000d\000\040\000A\000v\000a\000i\000l\000a\000b\000i\000l\000i\000t\000y\000\040\000a\000n\000d\000\040\000R\000e\000s\000i\000l\000i\000e\000n\000c\000e\000\040\000D\000e\000t\000e\000c\000t\000i\000o\000n}{chapter.13}% 76
\BOOKMARK [1][-]{section.13.4}{\376\377\000S\000c\000a\000l\000a\000b\000i\000l\000i\000t\000y\000\040\000a\000n\000d\000\040\000P\000e\000r\000f\000o\000r\000m\000a\000n\000c\000e\000\040\000E\000n\000h\000a\000n\000c\000e\000m\000e\000n\000t\000s}{chapter.13}% 77
\BOOKMARK [1][-]{section.13.5}{\376\377\000U\000s\000e\000r\000\040\000E\000x\000p\000e\000r\000i\000e\000n\000c\000e\000\040\000a\000n\000d\000\040\000V\000i\000s\000u\000a\000l\000i\000s\000a\000t\000i\000o\000n\000\040\000I\000m\000p\000r\000o\000v\000e\000m\000e\000n\000t\000s}{chapter.13}% 78
\BOOKMARK [1][-]{section.13.6}{\376\377\000I\000n\000t\000e\000g\000r\000a\000t\000i\000o\000n\000\040\000a\000n\000d\000\040\000C\000o\000m\000m\000e\000r\000c\000i\000a\000l\000\040\000C\000o\000n\000s\000i\000d\000e\000r\000a\000t\000i\000o\000n\000s}{chapter.13}% 79
\BOOKMARK [1][-]{section.13.7}{\376\377\000S\000u\000m\000m\000a\000r\000y}{chapter.13}% 80
\BOOKMARK [0][-]{chapter.14}{\376\377\000C\000o\000n\000c\000l\000u\000s\000i\000o\000n}{}% 81
\BOOKMARK [0][-]{chapter*.4}{\376\377\000R\000e\000f\000e\000r\000e\000n\000c\000e\000s}{}% 82
